<?xml version="1.0" encoding="UTF-8"?>
<!-- Generated by org.testng.reporters.JUnitReportReporter -->
<testsuite hostname="SARDARBASHA" failures="0" tests="1" name="SITTestScripts.TCCreateNewBusinessDP3SpecailFormVAVEPolicywithWindHailAL" time="873.225" errors="0" timestamp="2023-12-20T14:50:21 IST" skipped="0">
  <testcase classname="SITTestScripts.TCCreateNewBusinessDP3SpecailFormVAVEPolicywithWindHailAL" name="createQuote" time="873.225"/>
</testsuite> <!-- SITTestScripts.TCCreateNewBusinessDP3SpecailFormVAVEPolicywithWindHailAL -->
