<?xml version="1.0" encoding="UTF-8"?>
<!-- Generated by org.testng.reporters.JUnitReportReporter -->
<testsuite hostname="DESKTOP-221B81F" failures="0" tests="1" name="SITTestScripts.TCCreateNewBusinesHO3SpecialFormsAmlinPolicyWindHailExcludedAL" time="290.003" errors="0" timestamp="2024-01-18T21:03:26 IST" skipped="0">
  <testcase classname="SITTestScripts.TCCreateNewBusinesHO3SpecialFormsAmlinPolicyWindHailExcludedAL" name="createQuote" time="290.003"/>
  <system-out/>
</testsuite> <!-- SITTestScripts.TCCreateNewBusinesHO3SpecialFormsAmlinPolicyWindHailExcludedAL -->
