<?xml version="1.0" encoding="UTF-8"?>
<!-- Generated by org.testng.reporters.JUnitReportReporter -->
<testsuite hostname="SARDARBASHA" failures="0" tests="1" name="DevAllTestScripts.DevAllCreateNewBusinessVAVEPolicywithWindHailNC" time="1022.735" errors="0" timestamp="2023-11-06T16:46:30 IST" skipped="0">
  <testcase classname="DevAllTestScripts.DevAllCreateNewBusinessVAVEPolicywithWindHailNC" name="createQuote" time="1022.735"/>
</testsuite> <!-- DevAllTestScripts.DevAllCreateNewBusinessVAVEPolicywithWindHailNC -->
