<?xml version="1.0" encoding="UTF-8"?>
<!-- Generated by org.testng.reporters.JUnitReportReporter -->
<testsuite hostname="SARDARBASHA" failures="0" tests="1" name="UATTestScripts.UATCreateNewBusinessDP3WindOnlyH092PolicyAL" time="998.037" errors="0" timestamp="2023-12-26T15:32:43 IST" skipped="0">
  <testcase classname="UATTestScripts.UATCreateNewBusinessDP3WindOnlyH092PolicyAL" name="createQuote" time="998.037"/>
</testsuite> <!-- UATTestScripts.UATCreateNewBusinessDP3WindOnlyH092PolicyAL -->
