<?xml version="1.0" encoding="UTF-8"?>
<!-- Generated by org.testng.reporters.JUnitReportReporter -->
<testsuite hostname="SARDARBASHA" failures="0" tests="1" name="SITTestScripts.TCCreateHO3WindOnlyNewBusinessH092PolicyAL" time="589.766" errors="0" timestamp="2023-11-16T18:11:27 IST" skipped="0">
  <testcase classname="SITTestScripts.TCCreateHO3WindOnlyNewBusinessH092PolicyAL" name="createQuote" time="589.766"/>
</testsuite> <!-- SITTestScripts.TCCreateHO3WindOnlyNewBusinessH092PolicyAL -->
