<?xml version="1.0" encoding="UTF-8"?>
<!-- Generated by org.testng.reporters.JUnitReportReporter -->
<testsuite hostname="SARDARBASHA" failures="0" tests="1" name="UATTestScripts.UATCreateNewBusinessVAVEPolicyTX" time="675.195" errors="0" timestamp="2023-12-18T13:55:05 IST" skipped="0">
  <testcase classname="UATTestScripts.UATCreateNewBusinessVAVEPolicyTX" name="createQuote" time="675.195"/>
</testsuite> <!-- UATTestScripts.UATCreateNewBusinessVAVEPolicyTX -->
