<?xml version="1.0" encoding="UTF-8"?>
<!-- Generated by org.testng.reporters.JUnitReportReporter -->
<testsuite hostname="SARDARBASHA" failures="0" tests="1" name="HWKSalesConsole.CreateNewBusinessVAVEPolicyFL" time="562.155" errors="0" timestamp="2023-10-11T16:04:02 IST" skipped="0">
  <testcase classname="HWKSalesConsole.CreateNewBusinessVAVEPolicyFL" name="createQuote" time="562.155"/>
</testsuite> <!-- HWKSalesConsole.CreateNewBusinessVAVEPolicyFL -->
