<?xml version="1.0" encoding="UTF-8"?>
<!-- Generated by org.testng.reporters.JUnitReportReporter -->
<testsuite hostname="SARDARBASHA" failures="0" tests="1" name="HWKSalesConsole.CreateCaseAudited" time="56.251" errors="0" timestamp="2023-10-16T16:56:22 IST" skipped="0">
  <testcase classname="HWKSalesConsole.CreateCaseAudited" name="CreateNewCase" time="56.251"/>
</testsuite> <!-- HWKSalesConsole.CreateCaseAudited -->
