<?xml version="1.0" encoding="UTF-8"?>
<!-- Generated by org.testng.reporters.JUnitReportReporter -->
<testsuite hostname="SARDARBASHA" failures="0" tests="1" name="HWKSalesConsole.createNewBusinessVAVEQuoteAL" time="245.499" errors="0" timestamp="2023-10-08T20:04:13 IST" skipped="0">
  <testcase classname="HWKSalesConsole.createNewBusinessVAVEQuoteAL" name="createQuote" time="245.499"/>
</testsuite> <!-- HWKSalesConsole.createNewBusinessVAVEQuoteAL -->
