<?xml version="1.0" encoding="UTF-8"?>
<!-- Generated by org.testng.reporters.JUnitReportReporter -->
<testsuite hostname="SARDARBASHA" failures="0" tests="1" name="HWKSalesConsole.CreateNewBusinessAmlinQuoteTX" time="477.838" errors="0" timestamp="2023-10-05T17:39:08 IST" skipped="0">
  <testcase classname="HWKSalesConsole.CreateNewBusinessAmlinQuoteTX" name="createQuote" time="477.838"/>
</testsuite> <!-- HWKSalesConsole.CreateNewBusinessAmlinQuoteTX -->
