<?xml version="1.0" encoding="UTF-8"?>
<!-- Generated by org.testng.reporters.JUnitReportReporter -->
<testsuite hostname="SARDARBASHA" failures="0" tests="1" name="SITTestScripts.TCCreateNewBusinessDP3WindOnlyVAVEPolicywithWindHailAL" time="677.420" errors="0" timestamp="2023-11-22T18:17:42 IST" skipped="0">
  <testcase classname="SITTestScripts.TCCreateNewBusinessDP3WindOnlyVAVEPolicywithWindHailAL" name="createQuote" time="677.420"/>
</testsuite> <!-- SITTestScripts.TCCreateNewBusinessDP3WindOnlyVAVEPolicywithWindHailAL -->
