<?xml version="1.0" encoding="UTF-8"?>
<!-- Generated by org.testng.reporters.JUnitReportReporter -->
<testsuite hostname="SARDARBASHA" failures="0" tests="1" name="SITTestScripts.TCCreateNewBusinessHO3WindOnlyH092PolicyAL" time="676.445" errors="0" timestamp="2023-11-28T16:59:30 IST" skipped="0">
  <testcase classname="SITTestScripts.TCCreateNewBusinessHO3WindOnlyH092PolicyAL" name="createQuote" time="676.445"/>
</testsuite> <!-- SITTestScripts.TCCreateNewBusinessHO3WindOnlyH092PolicyAL -->
