<?xml version="1.0" encoding="UTF-8"?>
<!-- Generated by org.testng.reporters.JUnitReportReporter -->
<testsuite hostname="SARDARBASHA" failures="0" tests="1" name="SITTestScripts.TCCreateNewBusinessHO3SpecialFormH092PolicyWindHailExcludedTX" time="641.546" errors="0" timestamp="2023-12-27T16:43:04 IST" skipped="0">
  <testcase classname="SITTestScripts.TCCreateNewBusinessHO3SpecialFormH092PolicyWindHailExcludedTX" name="createQuote" time="641.546"/>
</testsuite> <!-- SITTestScripts.TCCreateNewBusinessHO3SpecialFormH092PolicyWindHailExcludedTX -->
