<?xml version="1.0" encoding="UTF-8"?>
<!-- Generated by org.testng.reporters.JUnitReportReporter -->
<testsuite hostname="SARDARBASHA" failures="0" tests="1" name="HWKSalesConsole.CreateDwellingNewOpportunity" time="93.249" errors="0" timestamp="2023-10-17T15:15:14 IST" skipped="0">
  <testcase classname="HWKSalesConsole.CreateDwellingNewOpportunity" name="CreateNewDwellingOpportunity" time="93.249"/>
</testsuite> <!-- HWKSalesConsole.CreateDwellingNewOpportunity -->
