<?xml version="1.0" encoding="UTF-8"?>
<!-- Generated by org.testng.reporters.JUnitReportReporter -->
<testsuite hostname="SARDARBASHA" failures="0" tests="1" name="SITTestScripts.TCCreateNewBusinessVAVEPolicywithWindHailTX" time="567.849" errors="0" timestamp="2023-10-31T16:52:04 IST" skipped="0">
  <testcase classname="SITTestScripts.TCCreateNewBusinessVAVEPolicywithWindHailTX" name="createQuote" time="567.849"/>
</testsuite> <!-- SITTestScripts.TCCreateNewBusinessVAVEPolicywithWindHailTX -->
