<?xml version="1.0" encoding="UTF-8"?>
<!-- Generated by org.testng.reporters.JUnitReportReporter -->
<testsuite hostname="SARDARBASHA" failures="0" tests="1" name="SITTestScripts.TCCreateNewBusinessHO3SpecialFormVAVEPolicywithWindHailMDState" time="959.671" errors="0" timestamp="2023-12-08T15:26:00 IST" skipped="0">
  <testcase classname="SITTestScripts.TCCreateNewBusinessHO3SpecialFormVAVEPolicywithWindHailMDState" name="CreateVAVENEWBUSINESSPOLICYWITHWINDHAILFORTXLOCATION" time="959.671"/>
</testsuite> <!-- SITTestScripts.TCCreateNewBusinessHO3SpecialFormVAVEPolicywithWindHailMDState -->
