<?xml version="1.0" encoding="UTF-8"?>
<!-- Generated by org.testng.reporters.JUnitReportReporter -->
<testsuite hostname="SARDARBASHA" failures="0" tests="1" name="SITTestScripts.TCCreateNewBusinessHO3SpecialFormVAVEPolicywithWindHailALState" time="645.390" errors="0" timestamp="2023-12-27T16:01:13 IST" skipped="0">
  <testcase classname="SITTestScripts.TCCreateNewBusinessHO3SpecialFormVAVEPolicywithWindHailALState" name="CreateVAVENEWBUSINESSPOLICYWITHWINDHAILFORTXLOCATION" time="645.390"/>
</testsuite> <!-- SITTestScripts.TCCreateNewBusinessHO3SpecialFormVAVEPolicywithWindHailALState -->
