<?xml version="1.0" encoding="UTF-8"?>
<!-- Generated by org.testng.reporters.JUnitReportReporter -->
<testsuite hostname="SARDARBASHA" failures="0" tests="1" name="SITTestScripts.TCCreateNewBusinessDP3SpecialFormH092PolicywithWindHailAL" time="702.673" errors="0" timestamp="2023-12-20T17:52:26 IST" skipped="0">
  <testcase classname="SITTestScripts.TCCreateNewBusinessDP3SpecialFormH092PolicywithWindHailAL" name="createQuote" time="702.673"/>
</testsuite> <!-- SITTestScripts.TCCreateNewBusinessDP3SpecialFormH092PolicywithWindHailAL -->
