<?xml version="1.0" encoding="UTF-8"?>
<!-- Generated by org.testng.reporters.JUnitReportReporter -->
<testsuite hostname="SARDARBASHA" failures="0" tests="1" name="HWKSalesConsole.createNewBusinessH092QuoteAL" time="451.409" errors="0" timestamp="2023-10-05T16:04:52 IST" skipped="0">
  <testcase classname="HWKSalesConsole.createNewBusinessH092QuoteAL" name="createQuote" time="451.409"/>
</testsuite> <!-- HWKSalesConsole.createNewBusinessH092QuoteAL -->
