<?xml version="1.0" encoding="UTF-8"?>
<!-- Generated by org.testng.reporters.JUnitReportReporter -->
<testsuite hostname="SARDARBASHA" failures="0" tests="1" name="SITTestScripts.TCCreateNewBusinessDFH092PolicywithWindHailAL" time="654.415" errors="0" timestamp="2023-11-17T21:47:19 IST" skipped="0">
  <testcase classname="SITTestScripts.TCCreateNewBusinessDFH092PolicywithWindHailAL" name="createQuote" time="654.415"/>
</testsuite> <!-- SITTestScripts.TCCreateNewBusinessDFH092PolicywithWindHailAL -->
