<?xml version="1.0" encoding="UTF-8"?>
<!-- Generated by org.testng.reporters.JUnitReportReporter -->
<testsuite hostname="DESKTOP-221B81F" failures="0" tests="1" name="SITTestScripts.CreateDwellingNewOpportunity" time="114.425" errors="0" timestamp="2024-01-23T15:21:11 IST" skipped="0">
  <testcase classname="SITTestScripts.CreateDwellingNewOpportunity" name="CreateNewDwellingOpportunity" time="114.425"/>
  <system-out/>
</testsuite> <!-- SITTestScripts.CreateDwellingNewOpportunity -->
