<?xml version="1.0" encoding="UTF-8"?>
<!-- Generated by org.testng.reporters.JUnitReportReporter -->
<testsuite hostname="SARDARBASHA" failures="0" tests="1" name="SITTestScripts.TCCreateNewBusinessHO3SpecialFormH092PolicywithWindHailCO" time="864.140" errors="0" timestamp="2023-12-07T17:11:14 IST" skipped="0">
  <testcase classname="SITTestScripts.TCCreateNewBusinessHO3SpecialFormH092PolicywithWindHailCO" name="createQuote" time="864.140"/>
</testsuite> <!-- SITTestScripts.TCCreateNewBusinessHO3SpecialFormH092PolicywithWindHailCO -->
