<?xml version="1.0" encoding="UTF-8"?>
<!-- Generated by org.testng.reporters.JUnitReportReporter -->
<testsuite hostname="SARDARBASHA" failures="0" tests="1" name="SITTestScripts.TCCreateNewBusinessHO3SpecialFormVAVEPolicywithWindHail" time="688.904" errors="0" timestamp="2023-11-20T14:43:33 IST" skipped="0">
  <testcase classname="SITTestScripts.TCCreateNewBusinessHO3SpecialFormVAVEPolicywithWindHail" name="CreateVAVENEWBUSINESSPOLICYWITHWINDHAILFORTXLOCATION" time="688.904"/>
</testsuite> <!-- SITTestScripts.TCCreateNewBusinessHO3SpecialFormVAVEPolicywithWindHail -->
