<?xml version="1.0" encoding="UTF-8"?>
<!-- Generated by org.testng.reporters.JUnitReportReporter -->
<testsuite hostname="SARDARBASHA" failures="0" tests="1" name="HWKSalesConsole.createNewBusinessAmlinQuoteAL" time="398.940" errors="0" timestamp="2023-10-05T16:14:07 IST" skipped="0">
  <testcase classname="HWKSalesConsole.createNewBusinessAmlinQuoteAL" name="createQuote" time="398.940"/>
</testsuite> <!-- HWKSalesConsole.createNewBusinessAmlinQuoteAL -->
