<?xml version="1.0" encoding="UTF-8"?>
<!-- Generated by org.testng.reporters.JUnitReportReporter -->
<testsuite hostname="SARDARBASHA" failures="0" tests="1" name="UATTestScripts.TCCreateNewBusinessHO3SpecialFormH092PolicywithWindHailMDState" time="668.471" errors="0" timestamp="2023-12-11T17:04:23 IST" skipped="0">
  <testcase classname="UATTestScripts.TCCreateNewBusinessHO3SpecialFormH092PolicywithWindHailMDState" name="CreateVAVENEWBUSINESSPOLICYWITHWINDHAILFORTXLOCATION" time="668.471"/>
</testsuite> <!-- UATTestScripts.TCCreateNewBusinessHO3SpecialFormH092PolicywithWindHailMDState -->
