<?xml version="1.0" encoding="UTF-8"?>
<!-- Generated by org.testng.reporters.JUnitReportReporter -->
<testsuite hostname="SARDARBASHA" failures="0" tests="1" name="SITTestScripts.TCCreateNewBusinessHO3SpecialFormH092PolicywithWindHailMDState" time="960.097" errors="0" timestamp="2023-12-26T17:46:13 IST" skipped="0">
  <testcase classname="SITTestScripts.TCCreateNewBusinessHO3SpecialFormH092PolicywithWindHailMDState" name="CreateVAVENEWBUSINESSPOLICYWITHWINDHAILFORTXLOCATION" time="960.097"/>
</testsuite> <!-- SITTestScripts.TCCreateNewBusinessHO3SpecialFormH092PolicywithWindHailMDState -->
