<?xml version="1.0" encoding="UTF-8"?>
<!-- Generated by org.testng.reporters.JUnitReportReporter -->
<testsuite hostname="DESKTOP-221B81F" failures="0" tests="1" name="SITTestScripts.CreateHomeownersNewOpportunity" time="112.722" errors="0" timestamp="2024-01-18T19:50:33 IST" skipped="0">
  <testcase classname="SITTestScripts.CreateHomeownersNewOpportunity" name="CreateNewHomeownersOpportunity" time="112.722"/>
  <system-out/>
</testsuite> <!-- SITTestScripts.CreateHomeownersNewOpportunity -->
