<?xml version="1.0" encoding="UTF-8"?>
<!-- Generated by org.testng.reporters.JUnitReportReporter -->
<testsuite hostname="SARDARBASHA" failures="0" tests="1" name="SITTestScripts.TCCreateNewBusinessH092PolicywithWindHailIL" time="618.347" errors="0" timestamp="2023-11-12T11:13:26 IST" skipped="0">
  <testcase classname="SITTestScripts.TCCreateNewBusinessH092PolicywithWindHailIL" name="createQuote" time="618.347"/>
</testsuite> <!-- SITTestScripts.TCCreateNewBusinessH092PolicywithWindHailIL -->
