<?xml version="1.0" encoding="UTF-8"?>
<!-- Generated by org.testng.reporters.JUnitReportReporter -->
<testsuite hostname="SARDARBASHA" failures="0" tests="1" name="DevAllTestScripts.DevAllCreateNewBusinessH092PolicywithWindHailNC" time="725.712" errors="0" timestamp="2023-12-01T18:37:38 IST" skipped="0">
  <testcase classname="DevAllTestScripts.DevAllCreateNewBusinessH092PolicywithWindHailNC" name="createQuote" time="725.712"/>
</testsuite> <!-- DevAllTestScripts.DevAllCreateNewBusinessH092PolicywithWindHailNC -->
