<?xml version="1.0" encoding="UTF-8"?>
<!-- Generated by org.testng.reporters.JUnitReportReporter -->
<testsuite hostname="DESKTOP-221B81F" failures="0" tests="1" name="SITTestScripts.CreateDwellingNewOpportunity" time="174.526" errors="0" timestamp="2024-01-23T17:01:25 IST" skipped="0">
  <testcase classname="SITTestScripts.CreateDwellingNewOpportunity" name="CreateNewDwellingOpportunity" time="174.526"/>
  <system-out/>
</testsuite> <!-- SITTestScripts.CreateDwellingNewOpportunity -->
